30/05/2021 21:41:29 INFO  sampletest1 - initializing class com.application.libs.web.VRWebElement.......
30/05/2021 21:42:19 INFO  sampletest1 - Application Launched Successfully.
30/05/2021 21:42:20 INFO  sampletest1 - clicked on element : No Thanks
30/05/2021 21:42:20 INFO  sampletest1 - Selenium easy Welcome page is loaded successfully.
30/05/2021 21:42:21 INFO  sampletest1 - clicked on element : Input Forms
30/05/2021 21:42:23 INFO  sampletest1 - initializing class com.application.libs.web.VRWebElement.......
30/05/2021 21:43:04 INFO  sampletest1 - Application Launched Successfully.
30/05/2021 21:43:04 INFO  sampletest1 - clicked on element : No Thanks
30/05/2021 21:43:04 INFO  sampletest1 - Selenium easy Welcome page is loaded successfully.
30/05/2021 21:43:05 INFO  sampletest1 - clicked on element : Table
30/05/2021 21:43:07 INFO  sampletest1 - initializing class com.application.libs.web.VRWebElement.......
30/05/2021 21:43:54 INFO  sampletest1 - Application Launched Successfully.
30/05/2021 21:43:55 INFO  sampletest1 - clicked on element : No Thanks
30/05/2021 21:43:55 INFO  sampletest1 - Selenium easy Welcome page is loaded successfully.
30/05/2021 21:43:55 INFO  sampletest1 - clicked on element : Input Forms
30/05/2021 21:43:58 INFO  sampletest1 - initializing class com.application.libs.web.VRWebElement.......
30/05/2021 21:44:25 INFO  sampletest1 - Application Launched Successfully.
30/05/2021 21:44:25 INFO  sampletest1 - clicked on element : No Thanks
30/05/2021 21:44:26 INFO  sampletest1 - Selenium easy Welcome page is loaded successfully.
30/05/2021 21:44:26 INFO  sampletest1 - clicked on element : Table
30/05/2021 21:44:27 DEBUG freemarker.cache - Couldn't find template in cache for "Extent.ftl"("en_US", UTF-8, parsed); will try to load it.
30/05/2021 21:44:27 DEBUG freemarker.cache - TemplateLoader.findTemplateSource("Extent_en_US.ftl"): Not found
30/05/2021 21:44:27 DEBUG freemarker.cache - TemplateLoader.findTemplateSource("Extent_en.ftl"): Not found
30/05/2021 21:44:27 DEBUG freemarker.cache - TemplateLoader.findTemplateSource("Extent.ftl"): Found
30/05/2021 21:44:27 DEBUG freemarker.cache - Loading template for "Extent.ftl"("en_US", UTF-8, parsed) from "jar:file:/C:/Users/Admin/.m2/repository/com/relevantcodes/extentreports/2.41.2/extentreports-2.41.2.jar!/com/relevantcodes/extentreports/view/Extent.ftl"
30/05/2021 21:44:27 DEBUG freemarker.cache - Couldn't find template in cache for "Extent.ftl"("en_US", UTF-8, parsed); will try to load it.
30/05/2021 21:44:27 DEBUG freemarker.cache - TemplateLoader.findTemplateSource("Extent_en_US.ftl"): Not found
30/05/2021 21:44:27 DEBUG freemarker.cache - TemplateLoader.findTemplateSource("Extent_en.ftl"): Not found
30/05/2021 21:44:27 DEBUG freemarker.cache - TemplateLoader.findTemplateSource("Extent.ftl"): Found
30/05/2021 21:44:27 DEBUG freemarker.cache - Loading template for "Extent.ftl"("en_US", UTF-8, parsed) from "jar:file:/C:/Users/Admin/.m2/repository/com/relevantcodes/extentreports/2.41.2/extentreports-2.41.2.jar!/com/relevantcodes/extentreports/view/Extent.ftl"
31/05/2021 21:28:55 INFO  sampletest1 - initializing class com.application.libs.web.VRWebElement.......
31/05/2021 21:29:40 INFO  sampletest1 - Application Launched Successfully.
31/05/2021 21:29:41 INFO  sampletest1 - clicked on element : No Thanks
31/05/2021 21:29:41 INFO  sampletest1 - Selenium easy Welcome page is loaded successfully.
31/05/2021 21:29:42 INFO  sampletest1 - clicked on element : Input Forms
31/05/2021 21:29:44 INFO  sampletest1 - initializing class com.application.libs.web.VRWebElement.......
31/05/2021 21:29:56 INFO  sampletest1 - Application Launched Successfully.
31/05/2021 21:29:56 INFO  sampletest1 - clicked on element : No Thanks
31/05/2021 21:29:57 INFO  sampletest1 - Selenium easy Welcome page is loaded successfully.
31/05/2021 21:29:57 INFO  sampletest1 - clicked on element : Table
31/05/2021 21:30:00 INFO  sampletest1 - initializing class com.application.libs.web.VRWebElement.......
31/05/2021 21:30:11 INFO  sampletest1 - Application Launched Successfully.
31/05/2021 21:30:12 INFO  sampletest1 - clicked on element : No Thanks
31/05/2021 21:30:12 INFO  sampletest1 - Selenium easy Welcome page is loaded successfully.
31/05/2021 21:30:12 INFO  sampletest1 - clicked on element : Input Forms
31/05/2021 21:30:15 INFO  sampletest1 - initializing class com.application.libs.web.VRWebElement.......
31/05/2021 21:30:59 INFO  sampletest1 - Application Launched Successfully.
31/05/2021 21:31:00 INFO  sampletest1 - clicked on element : No Thanks
31/05/2021 21:31:00 INFO  sampletest1 - Selenium easy Welcome page is loaded successfully.
31/05/2021 21:31:00 INFO  sampletest1 - clicked on element : Table
31/05/2021 21:31:01 DEBUG freemarker.cache - Couldn't find template in cache for "Extent.ftl"("en_US", UTF-8, parsed); will try to load it.
31/05/2021 21:31:01 DEBUG freemarker.cache - TemplateLoader.findTemplateSource("Extent_en_US.ftl"): Not found
31/05/2021 21:31:01 DEBUG freemarker.cache - TemplateLoader.findTemplateSource("Extent_en.ftl"): Not found
31/05/2021 21:31:01 DEBUG freemarker.cache - TemplateLoader.findTemplateSource("Extent.ftl"): Found
31/05/2021 21:31:01 DEBUG freemarker.cache - Loading template for "Extent.ftl"("en_US", UTF-8, parsed) from "jar:file:/C:/Users/Admin/.m2/repository/com/relevantcodes/extentreports/2.41.2/extentreports-2.41.2.jar!/com/relevantcodes/extentreports/view/Extent.ftl"
31/05/2021 21:31:01 DEBUG freemarker.cache - Couldn't find template in cache for "Extent.ftl"("en_US", UTF-8, parsed); will try to load it.
31/05/2021 21:31:01 DEBUG freemarker.cache - TemplateLoader.findTemplateSource("Extent_en_US.ftl"): Not found
31/05/2021 21:31:01 DEBUG freemarker.cache - TemplateLoader.findTemplateSource("Extent_en.ftl"): Not found
31/05/2021 21:31:01 DEBUG freemarker.cache - TemplateLoader.findTemplateSource("Extent.ftl"): Found
31/05/2021 21:31:01 DEBUG freemarker.cache - Loading template for "Extent.ftl"("en_US", UTF-8, parsed) from "jar:file:/C:/Users/Admin/.m2/repository/com/relevantcodes/extentreports/2.41.2/extentreports-2.41.2.jar!/com/relevantcodes/extentreports/view/Extent.ftl"
31/05/2021 21:56:31 INFO  sample_test - Initializing Global Variables ........
31/05/2021 21:56:31 INFO  sample_test2 - Initializing Global Variables ........
31/05/2021 21:56:31 INFO  sample_test2 - Initiate Webdriver .......
31/05/2021 21:56:34 INFO  sample_test2 - initializing class com.application.libs.web.VRWebElement.......
31/05/2021 21:57:19 INFO  sample_test2 - Application Launched Successfully.
31/05/2021 21:57:20 INFO  sample_test2 - clicked on element : No Thanks
31/05/2021 21:57:20 INFO  sample_test2 - Selenium easy Welcome page is loaded successfully.
31/05/2021 21:57:21 INFO  sample_test2 - clicked on element : Input Forms
31/05/2021 21:57:21 INFO  sample_test2 - Initiate Webdriver .......
31/05/2021 21:57:23 INFO  sample_test2 - initializing class com.application.libs.web.VRWebElement.......
31/05/2021 21:57:41 INFO  sample_test2 - Application Launched Successfully.
31/05/2021 21:57:41 INFO  sample_test2 - clicked on element : No Thanks
31/05/2021 21:57:42 INFO  sample_test2 - Selenium easy Welcome page is loaded successfully.
31/05/2021 21:57:42 INFO  sample_test2 - clicked on element : Table
31/05/2021 21:57:43 DEBUG freemarker.cache - Couldn't find template in cache for "Extent.ftl"("en_US", UTF-8, parsed); will try to load it.
31/05/2021 21:57:43 DEBUG freemarker.cache - TemplateLoader.findTemplateSource("Extent_en_US.ftl"): Not found
31/05/2021 21:57:43 DEBUG freemarker.cache - TemplateLoader.findTemplateSource("Extent_en.ftl"): Not found
31/05/2021 21:57:43 DEBUG freemarker.cache - TemplateLoader.findTemplateSource("Extent.ftl"): Found
31/05/2021 21:57:43 DEBUG freemarker.cache - Loading template for "Extent.ftl"("en_US", UTF-8, parsed) from "jar:file:/C:/Users/Admin/.m2/repository/com/relevantcodes/extentreports/2.41.2/extentreports-2.41.2.jar!/com/relevantcodes/extentreports/view/Extent.ftl"
31/05/2021 21:57:43 DEBUG freemarker.cache - Couldn't find template in cache for "Extent.ftl"("en_US", UTF-8, parsed); will try to load it.
31/05/2021 21:57:43 DEBUG freemarker.cache - TemplateLoader.findTemplateSource("Extent_en_US.ftl"): Not found
31/05/2021 21:57:43 DEBUG freemarker.cache - TemplateLoader.findTemplateSource("Extent_en.ftl"): Not found
31/05/2021 21:57:43 DEBUG freemarker.cache - TemplateLoader.findTemplateSource("Extent.ftl"): Found
31/05/2021 21:57:43 DEBUG freemarker.cache - Loading template for "Extent.ftl"("en_US", UTF-8, parsed) from "jar:file:/C:/Users/Admin/.m2/repository/com/relevantcodes/extentreports/2.41.2/extentreports-2.41.2.jar!/com/relevantcodes/extentreports/view/Extent.ftl"
31/05/2021 21:59:47 INFO  sample_test - Initializing Global Variables ........
31/05/2021 21:59:47 INFO  sample_test2 - Initiate Webdriver .......
31/05/2021 21:59:50 INFO  sample_test2 - initializing class com.application.libs.web.VRWebElement.......
31/05/2021 22:00:00 INFO  sample_test2 - Application Launched Successfully.
31/05/2021 22:00:01 INFO  sample_test2 - clicked on element : No Thanks
31/05/2021 22:00:01 INFO  sample_test2 - Selenium easy Welcome page is loaded successfully.
31/05/2021 22:00:02 INFO  sample_test2 - clicked on element : Input Forms
31/05/2021 22:00:02 INFO  sample_test2 - Initiate Webdriver .......
31/05/2021 22:00:04 INFO  sample_test2 - initializing class com.application.libs.web.VRWebElement.......
31/05/2021 22:00:34 INFO  sample_test2 - Application Launched Successfully.
31/05/2021 22:00:34 INFO  sample_test2 - clicked on element : No Thanks
31/05/2021 22:00:34 INFO  sample_test2 - Selenium easy Welcome page is loaded successfully.
31/05/2021 22:00:35 INFO  sample_test2 - clicked on element : Table
31/05/2021 22:00:35 DEBUG freemarker.cache - Couldn't find template in cache for "Extent.ftl"("en_US", UTF-8, parsed); will try to load it.
31/05/2021 22:00:35 DEBUG freemarker.cache - TemplateLoader.findTemplateSource("Extent_en_US.ftl"): Not found
31/05/2021 22:00:35 DEBUG freemarker.cache - TemplateLoader.findTemplateSource("Extent_en.ftl"): Not found
31/05/2021 22:00:35 DEBUG freemarker.cache - TemplateLoader.findTemplateSource("Extent.ftl"): Found
31/05/2021 22:00:35 DEBUG freemarker.cache - Loading template for "Extent.ftl"("en_US", UTF-8, parsed) from "jar:file:/C:/Users/Admin/.m2/repository/com/relevantcodes/extentreports/2.41.2/extentreports-2.41.2.jar!/com/relevantcodes/extentreports/view/Extent.ftl"
31/05/2021 22:00:36 DEBUG freemarker.cache - Couldn't find template in cache for "Extent.ftl"("en_US", UTF-8, parsed); will try to load it.
31/05/2021 22:00:36 DEBUG freemarker.cache - TemplateLoader.findTemplateSource("Extent_en_US.ftl"): Not found
31/05/2021 22:00:36 DEBUG freemarker.cache - TemplateLoader.findTemplateSource("Extent_en.ftl"): Not found
31/05/2021 22:00:36 DEBUG freemarker.cache - TemplateLoader.findTemplateSource("Extent.ftl"): Found
31/05/2021 22:00:36 DEBUG freemarker.cache - Loading template for "Extent.ftl"("en_US", UTF-8, parsed) from "jar:file:/C:/Users/Admin/.m2/repository/com/relevantcodes/extentreports/2.41.2/extentreports-2.41.2.jar!/com/relevantcodes/extentreports/view/Extent.ftl"
31/05/2021 22:02:57 INFO  sample_test2 - Initiate Webdriver .......
31/05/2021 22:03:00 INFO  sample_test2 - initializing class com.application.libs.web.VRWebElement.......
31/05/2021 22:04:23 INFO  sample_test2 - Application Launched Successfully.
31/05/2021 22:04:24 INFO  sample_test2 - clicked on element : No Thanks
31/05/2021 22:04:24 INFO  sample_test2 - Selenium easy Welcome page is loaded successfully.
31/05/2021 22:04:24 INFO  sample_test2 - clicked on element : Input Forms
31/05/2021 22:04:25 INFO  sample_test2 - Initiate Webdriver .......
31/05/2021 22:04:27 INFO  sample_test2 - initializing class com.application.libs.web.VRWebElement.......
31/05/2021 22:04:50 INFO  sample_test2 - Application Launched Successfully.
31/05/2021 22:04:51 INFO  sample_test2 - clicked on element : No Thanks
31/05/2021 22:04:51 INFO  sample_test2 - Selenium easy Welcome page is loaded successfully.
31/05/2021 22:04:51 INFO  sample_test2 - clicked on element : Table
31/05/2021 22:04:52 DEBUG freemarker.cache - Couldn't find template in cache for "Extent.ftl"("en_US", UTF-8, parsed); will try to load it.
31/05/2021 22:04:52 DEBUG freemarker.cache - TemplateLoader.findTemplateSource("Extent_en_US.ftl"): Not found
31/05/2021 22:04:52 DEBUG freemarker.cache - TemplateLoader.findTemplateSource("Extent_en.ftl"): Not found
31/05/2021 22:04:52 DEBUG freemarker.cache - TemplateLoader.findTemplateSource("Extent.ftl"): Found
31/05/2021 22:04:52 DEBUG freemarker.cache - Loading template for "Extent.ftl"("en_US", UTF-8, parsed) from "jar:file:/C:/Users/Admin/.m2/repository/com/relevantcodes/extentreports/2.41.2/extentreports-2.41.2.jar!/com/relevantcodes/extentreports/view/Extent.ftl"
31/05/2021 22:04:53 DEBUG freemarker.cache - Couldn't find template in cache for "Extent.ftl"("en_US", UTF-8, parsed); will try to load it.
31/05/2021 22:04:53 DEBUG freemarker.cache - TemplateLoader.findTemplateSource("Extent_en_US.ftl"): Not found
31/05/2021 22:04:53 DEBUG freemarker.cache - TemplateLoader.findTemplateSource("Extent_en.ftl"): Not found
31/05/2021 22:04:53 DEBUG freemarker.cache - TemplateLoader.findTemplateSource("Extent.ftl"): Found
31/05/2021 22:04:53 DEBUG freemarker.cache - Loading template for "Extent.ftl"("en_US", UTF-8, parsed) from "jar:file:/C:/Users/Admin/.m2/repository/com/relevantcodes/extentreports/2.41.2/extentreports-2.41.2.jar!/com/relevantcodes/extentreports/view/Extent.ftl"
31/05/2021 22:05:58 INFO  sample_test2 - Initiate Webdriver .......
31/05/2021 22:06:01 INFO  sample_test2 - initializing class com.application.libs.web.VRWebElement.......
31/05/2021 22:06:11 INFO  sample_test2 - Application Launched Successfully.
31/05/2021 22:06:11 INFO  sample_test2 - clicked on element : No Thanks
31/05/2021 22:06:12 INFO  sample_test2 - Selenium easy Welcome page is loaded successfully.
31/05/2021 22:06:12 INFO  sample_test2 - clicked on element : Input Forms
31/05/2021 22:06:12 INFO  sample_test2 - Initiate Webdriver .......
31/05/2021 22:06:14 INFO  sample_test2 - initializing class com.application.libs.web.VRWebElement.......
31/05/2021 22:06:32 INFO  sample_test2 - Application Launched Successfully.
31/05/2021 22:06:33 INFO  sample_test2 - clicked on element : No Thanks
31/05/2021 22:06:34 INFO  sample_test2 - Selenium easy Welcome page is loaded successfully.
31/05/2021 22:06:34 INFO  sample_test2 - clicked on element : Table
31/05/2021 22:06:35 INFO  sample_test2 - Initiate Webdriver .......
31/05/2021 22:06:36 INFO  sample_test2 - initializing class com.application.libs.web.VRWebElement.......
31/05/2021 22:06:54 INFO  sample_test2 - Application Launched Successfully.
31/05/2021 22:06:54 INFO  sample_test2 - clicked on element : No Thanks
31/05/2021 22:06:55 INFO  sample_test2 - Selenium easy Welcome page is loaded successfully.
31/05/2021 22:06:55 INFO  sample_test2 - clicked on element : Input Forms
31/05/2021 22:06:56 INFO  sample_test2 - Initiate Webdriver .......
31/05/2021 22:06:57 INFO  sample_test2 - initializing class com.application.libs.web.VRWebElement.......
31/05/2021 22:07:12 INFO  sample_test2 - Application Launched Successfully.
31/05/2021 22:07:13 INFO  sample_test2 - clicked on element : No Thanks
31/05/2021 22:07:13 INFO  sample_test2 - Selenium easy Welcome page is loaded successfully.
31/05/2021 22:07:13 INFO  sample_test2 - clicked on element : Table
31/05/2021 22:07:14 DEBUG freemarker.cache - Couldn't find template in cache for "Extent.ftl"("en_US", UTF-8, parsed); will try to load it.
31/05/2021 22:07:14 DEBUG freemarker.cache - TemplateLoader.findTemplateSource("Extent_en_US.ftl"): Not found
31/05/2021 22:07:14 DEBUG freemarker.cache - TemplateLoader.findTemplateSource("Extent_en.ftl"): Not found
31/05/2021 22:07:14 DEBUG freemarker.cache - TemplateLoader.findTemplateSource("Extent.ftl"): Found
31/05/2021 22:07:14 DEBUG freemarker.cache - Loading template for "Extent.ftl"("en_US", UTF-8, parsed) from "jar:file:/C:/Users/Admin/.m2/repository/com/relevantcodes/extentreports/2.41.2/extentreports-2.41.2.jar!/com/relevantcodes/extentreports/view/Extent.ftl"
31/05/2021 22:07:14 DEBUG freemarker.cache - Couldn't find template in cache for "Extent.ftl"("en_US", UTF-8, parsed); will try to load it.
31/05/2021 22:07:14 DEBUG freemarker.cache - TemplateLoader.findTemplateSource("Extent_en_US.ftl"): Not found
31/05/2021 22:07:14 DEBUG freemarker.cache - TemplateLoader.findTemplateSource("Extent_en.ftl"): Not found
31/05/2021 22:07:14 DEBUG freemarker.cache - TemplateLoader.findTemplateSource("Extent.ftl"): Found
31/05/2021 22:07:14 DEBUG freemarker.cache - Loading template for "Extent.ftl"("en_US", UTF-8, parsed) from "jar:file:/C:/Users/Admin/.m2/repository/com/relevantcodes/extentreports/2.41.2/extentreports-2.41.2.jar!/com/relevantcodes/extentreports/view/Extent.ftl"
31/05/2021 22:08:45 INFO  sample_test - Initializing Global Variables ........
31/05/2021 22:08:45 INFO  sample_test2 - Initializing Global Variables ........
31/05/2021 22:08:46 INFO  sample_test2 - Initiate Webdriver .......
31/05/2021 22:08:48 INFO  sample_test2 - initializing class com.application.libs.web.VRWebElement.......
31/05/2021 22:09:42 INFO  sample_test2 - Application Launched Successfully.
31/05/2021 22:09:43 INFO  sample_test2 - clicked on element : No Thanks
31/05/2021 22:09:43 INFO  sample_test2 - Selenium easy Welcome page is loaded successfully.
31/05/2021 22:09:43 INFO  sample_test2 - clicked on element : Input Forms
31/05/2021 22:09:44 INFO  sample_test2 - Initiate Webdriver .......
31/05/2021 22:09:46 INFO  sample_test2 - initializing class com.application.libs.web.VRWebElement.......
31/05/2021 22:09:57 INFO  sample_test2 - Application Launched Successfully.
31/05/2021 22:09:57 INFO  sample_test2 - clicked on element : No Thanks
31/05/2021 22:09:58 INFO  sample_test2 - Selenium easy Welcome page is loaded successfully.
31/05/2021 22:09:58 INFO  sample_test2 - clicked on element : Table
31/05/2021 22:09:59 INFO  sample_test2 - Initiate Webdriver .......
31/05/2021 22:10:00 INFO  sample_test2 - initializing class com.application.libs.web.VRWebElement.......
31/05/2021 22:10:11 INFO  sample_test2 - Application Launched Successfully.
31/05/2021 22:10:12 INFO  sample_test2 - clicked on element : No Thanks
31/05/2021 22:10:12 INFO  sample_test2 - Selenium easy Welcome page is loaded successfully.
31/05/2021 22:10:13 INFO  sample_test2 - clicked on element : Input Forms
31/05/2021 22:10:13 INFO  sample_test2 - Initiate Webdriver .......
31/05/2021 22:10:15 INFO  sample_test2 - initializing class com.application.libs.web.VRWebElement.......
31/05/2021 22:10:27 INFO  sample_test2 - Application Launched Successfully.
31/05/2021 22:10:27 INFO  sample_test2 - clicked on element : No Thanks
31/05/2021 22:10:27 INFO  sample_test2 - Selenium easy Welcome page is loaded successfully.
31/05/2021 22:10:28 INFO  sample_test2 - clicked on element : Table
31/05/2021 22:10:29 DEBUG freemarker.cache - Couldn't find template in cache for "Extent.ftl"("en_US", UTF-8, parsed); will try to load it.
31/05/2021 22:10:29 DEBUG freemarker.cache - TemplateLoader.findTemplateSource("Extent_en_US.ftl"): Not found
31/05/2021 22:10:29 DEBUG freemarker.cache - TemplateLoader.findTemplateSource("Extent_en.ftl"): Not found
31/05/2021 22:10:29 DEBUG freemarker.cache - TemplateLoader.findTemplateSource("Extent.ftl"): Found
31/05/2021 22:10:29 DEBUG freemarker.cache - Loading template for "Extent.ftl"("en_US", UTF-8, parsed) from "jar:file:/C:/Users/Admin/.m2/repository/com/relevantcodes/extentreports/2.41.2/extentreports-2.41.2.jar!/com/relevantcodes/extentreports/view/Extent.ftl"
31/05/2021 22:10:29 DEBUG freemarker.cache - Couldn't find template in cache for "Extent.ftl"("en_US", UTF-8, parsed); will try to load it.
31/05/2021 22:10:29 DEBUG freemarker.cache - TemplateLoader.findTemplateSource("Extent_en_US.ftl"): Not found
31/05/2021 22:10:29 DEBUG freemarker.cache - TemplateLoader.findTemplateSource("Extent_en.ftl"): Not found
31/05/2021 22:10:29 DEBUG freemarker.cache - TemplateLoader.findTemplateSource("Extent.ftl"): Found
31/05/2021 22:10:29 DEBUG freemarker.cache - Loading template for "Extent.ftl"("en_US", UTF-8, parsed) from "jar:file:/C:/Users/Admin/.m2/repository/com/relevantcodes/extentreports/2.41.2/extentreports-2.41.2.jar!/com/relevantcodes/extentreports/view/Extent.ftl"
31/05/2021 22:17:44 DEBUG freemarker.cache - Couldn't find template in cache for "Extent.ftl"("en_US", UTF-8, parsed); will try to load it.
31/05/2021 22:17:44 DEBUG freemarker.cache - TemplateLoader.findTemplateSource("Extent_en_US.ftl"): Not found
31/05/2021 22:17:44 DEBUG freemarker.cache - TemplateLoader.findTemplateSource("Extent_en.ftl"): Not found
31/05/2021 22:17:44 DEBUG freemarker.cache - TemplateLoader.findTemplateSource("Extent.ftl"): Found
31/05/2021 22:17:44 DEBUG freemarker.cache - Loading template for "Extent.ftl"("en_US", UTF-8, parsed) from "jar:file:/C:/Users/Admin/.m2/repository/com/relevantcodes/extentreports/2.41.2/extentreports-2.41.2.jar!/com/relevantcodes/extentreports/view/Extent.ftl"
31/05/2021 22:17:45 DEBUG freemarker.cache - Couldn't find template in cache for "Extent.ftl"("en_US", UTF-8, parsed); will try to load it.
31/05/2021 22:17:45 DEBUG freemarker.cache - TemplateLoader.findTemplateSource("Extent_en_US.ftl"): Not found
31/05/2021 22:17:45 DEBUG freemarker.cache - TemplateLoader.findTemplateSource("Extent_en.ftl"): Not found
31/05/2021 22:17:45 DEBUG freemarker.cache - TemplateLoader.findTemplateSource("Extent.ftl"): Found
31/05/2021 22:17:45 DEBUG freemarker.cache - Loading template for "Extent.ftl"("en_US", UTF-8, parsed) from "jar:file:/C:/Users/Admin/.m2/repository/com/relevantcodes/extentreports/2.41.2/extentreports-2.41.2.jar!/com/relevantcodes/extentreports/view/Extent.ftl"
31/05/2021 22:23:13 DEBUG freemarker.cache - Couldn't find template in cache for "Extent.ftl"("en_US", UTF-8, parsed); will try to load it.
31/05/2021 22:23:13 DEBUG freemarker.cache - TemplateLoader.findTemplateSource("Extent_en_US.ftl"): Not found
31/05/2021 22:23:13 DEBUG freemarker.cache - TemplateLoader.findTemplateSource("Extent_en.ftl"): Not found
31/05/2021 22:23:13 DEBUG freemarker.cache - TemplateLoader.findTemplateSource("Extent.ftl"): Found
31/05/2021 22:23:13 DEBUG freemarker.cache - Loading template for "Extent.ftl"("en_US", UTF-8, parsed) from "jar:file:/C:/Users/Admin/.m2/repository/com/relevantcodes/extentreports/2.41.2/extentreports-2.41.2.jar!/com/relevantcodes/extentreports/view/Extent.ftl"
31/05/2021 22:23:14 DEBUG freemarker.cache - Couldn't find template in cache for "Extent.ftl"("en_US", UTF-8, parsed); will try to load it.
31/05/2021 22:23:14 DEBUG freemarker.cache - TemplateLoader.findTemplateSource("Extent_en_US.ftl"): Not found
31/05/2021 22:23:14 DEBUG freemarker.cache - TemplateLoader.findTemplateSource("Extent_en.ftl"): Not found
31/05/2021 22:23:14 DEBUG freemarker.cache - TemplateLoader.findTemplateSource("Extent.ftl"): Found
31/05/2021 22:23:14 DEBUG freemarker.cache - Loading template for "Extent.ftl"("en_US", UTF-8, parsed) from "jar:file:/C:/Users/Admin/.m2/repository/com/relevantcodes/extentreports/2.41.2/extentreports-2.41.2.jar!/com/relevantcodes/extentreports/view/Extent.ftl"
31/05/2021 22:24:09 INFO  sample_test - Initializing Global Variables ........
31/05/2021 22:24:09 INFO  sample_test2 - Initializing Global Variables ........
31/05/2021 22:24:09 INFO  sample_test2 - Initiate Webdriver .......
31/05/2021 22:24:12 INFO  sample_test2 - initializing class com.application.libs.web.VRWebElement.......
31/05/2021 22:24:52 INFO  sample_test2 - Application Launched Successfully.
31/05/2021 22:24:53 INFO  sample_test2 - clicked on element : No Thanks
31/05/2021 22:24:54 INFO  sample_test2 - Selenium easy Welcome page is loaded successfully.
31/05/2021 22:24:54 INFO  sample_test2 - clicked on element : Input Forms
31/05/2021 22:24:55 INFO  sample_test2 - Initiate Webdriver .......
31/05/2021 22:24:57 INFO  sample_test2 - initializing class com.application.libs.web.VRWebElement.......
31/05/2021 22:25:09 INFO  sample_test2 - Application Launched Successfully.
31/05/2021 22:25:10 INFO  sample_test2 - clicked on element : No Thanks
31/05/2021 22:25:10 INFO  sample_test2 - Selenium easy Welcome page is loaded successfully.
31/05/2021 22:25:11 INFO  sample_test2 - clicked on element : Table
31/05/2021 22:25:11 INFO  sample_test2 - Initiate Webdriver .......
31/05/2021 22:25:13 INFO  sample_test2 - initializing class com.application.libs.web.VRWebElement.......
31/05/2021 22:25:51 INFO  sample_test2 - Application Launched Successfully.
31/05/2021 22:25:51 INFO  sample_test2 - clicked on element : No Thanks
31/05/2021 22:25:52 INFO  sample_test2 - Selenium easy Welcome page is loaded successfully.
31/05/2021 22:25:52 INFO  sample_test2 - clicked on element : Input Forms
31/05/2021 22:25:53 INFO  sample_test2 - Initiate Webdriver .......
31/05/2021 22:25:54 INFO  sample_test2 - initializing class com.application.libs.web.VRWebElement.......
31/05/2021 22:26:37 INFO  sample_test2 - Application Launched Successfully.
31/05/2021 22:26:38 INFO  sample_test2 - clicked on element : No Thanks
31/05/2021 22:26:38 INFO  sample_test2 - Selenium easy Welcome page is loaded successfully.
31/05/2021 22:26:39 INFO  sample_test2 - clicked on element : Table
31/05/2021 22:26:40 DEBUG freemarker.cache - Couldn't find template in cache for "Extent.ftl"("en_US", UTF-8, parsed); will try to load it.
31/05/2021 22:26:40 DEBUG freemarker.cache - TemplateLoader.findTemplateSource("Extent_en_US.ftl"): Not found
31/05/2021 22:26:40 DEBUG freemarker.cache - TemplateLoader.findTemplateSource("Extent_en.ftl"): Not found
31/05/2021 22:26:40 DEBUG freemarker.cache - TemplateLoader.findTemplateSource("Extent.ftl"): Found
31/05/2021 22:26:40 DEBUG freemarker.cache - Loading template for "Extent.ftl"("en_US", UTF-8, parsed) from "jar:file:/C:/Users/Admin/.m2/repository/com/relevantcodes/extentreports/2.41.2/extentreports-2.41.2.jar!/com/relevantcodes/extentreports/view/Extent.ftl"
31/05/2021 22:26:40 DEBUG freemarker.cache - Couldn't find template in cache for "Extent.ftl"("en_US", UTF-8, parsed); will try to load it.
31/05/2021 22:26:40 DEBUG freemarker.cache - TemplateLoader.findTemplateSource("Extent_en_US.ftl"): Not found
31/05/2021 22:26:40 DEBUG freemarker.cache - TemplateLoader.findTemplateSource("Extent_en.ftl"): Not found
31/05/2021 22:26:40 DEBUG freemarker.cache - TemplateLoader.findTemplateSource("Extent.ftl"): Found
31/05/2021 22:26:40 DEBUG freemarker.cache - Loading template for "Extent.ftl"("en_US", UTF-8, parsed) from "jar:file:/C:/Users/Admin/.m2/repository/com/relevantcodes/extentreports/2.41.2/extentreports-2.41.2.jar!/com/relevantcodes/extentreports/view/Extent.ftl"
31/05/2021 22:31:52 INFO  sample_test - Initializing Global Variables ........
31/05/2021 22:31:52 INFO  sample_test2 - Initializing Global Variables ........
31/05/2021 22:31:52 INFO  sample_test2 - Initiate Webdriver .......
31/05/2021 22:31:55 INFO  sample_test2 - initializing class com.application.libs.web.VRWebElement.......
31/05/2021 22:32:10 INFO  sample_test2 - Application Launched Successfully.
31/05/2021 22:32:10 INFO  sample_test2 - clicked on element : No Thanks
31/05/2021 22:32:11 INFO  sample_test2 - Selenium easy Welcome page is loaded successfully.
31/05/2021 22:32:11 INFO  sample_test2 - clicked on element : Input Forms
31/05/2021 22:32:12 INFO  sample_test2 - Initiate Webdriver .......
31/05/2021 22:32:14 INFO  sample_test2 - initializing class com.application.libs.web.VRWebElement.......
31/05/2021 22:32:24 INFO  sample_test2 - Application Launched Successfully.
31/05/2021 22:32:24 INFO  sample_test2 - clicked on element : No Thanks
31/05/2021 22:32:25 INFO  sample_test2 - Selenium easy Welcome page is loaded successfully.
31/05/2021 22:32:25 INFO  sample_test2 - clicked on element : Table
31/05/2021 22:32:26 INFO  sample_test2 - Initiate Webdriver .......
31/05/2021 22:32:27 INFO  sample_test2 - initializing class com.application.libs.web.VRWebElement.......
31/05/2021 22:33:06 INFO  sample_test2 - Application Launched Successfully.
31/05/2021 22:33:06 INFO  sample_test2 - clicked on element : No Thanks
31/05/2021 22:33:07 INFO  sample_test2 - Selenium easy Welcome page is loaded successfully.
31/05/2021 22:33:07 INFO  sample_test2 - clicked on element : Progress Bars & Sliders
31/05/2021 22:33:08 INFO  sample_test2 - Initiate Webdriver .......
31/05/2021 22:33:11 INFO  sample_test2 - initializing class com.application.libs.web.VRWebElement.......
31/05/2021 22:33:29 INFO  sample_test2 - Application Launched Successfully.
31/05/2021 22:33:29 INFO  sample_test2 - clicked on element : No Thanks
31/05/2021 22:33:30 INFO  sample_test2 - Selenium easy Welcome page is loaded successfully.
31/05/2021 22:33:30 INFO  sample_test2 - clicked on element : Alerts & Modals
31/05/2021 22:33:31 DEBUG freemarker.cache - Couldn't find template in cache for "Extent.ftl"("en_US", UTF-8, parsed); will try to load it.
31/05/2021 22:33:31 DEBUG freemarker.cache - TemplateLoader.findTemplateSource("Extent_en_US.ftl"): Not found
31/05/2021 22:33:31 DEBUG freemarker.cache - TemplateLoader.findTemplateSource("Extent_en.ftl"): Not found
31/05/2021 22:33:31 DEBUG freemarker.cache - TemplateLoader.findTemplateSource("Extent.ftl"): Found
31/05/2021 22:33:31 DEBUG freemarker.cache - Loading template for "Extent.ftl"("en_US", UTF-8, parsed) from "jar:file:/C:/Users/Admin/.m2/repository/com/relevantcodes/extentreports/2.41.2/extentreports-2.41.2.jar!/com/relevantcodes/extentreports/view/Extent.ftl"
31/05/2021 22:33:31 DEBUG freemarker.cache - Couldn't find template in cache for "Extent.ftl"("en_US", UTF-8, parsed); will try to load it.
31/05/2021 22:33:31 DEBUG freemarker.cache - TemplateLoader.findTemplateSource("Extent_en_US.ftl"): Not found
31/05/2021 22:33:31 DEBUG freemarker.cache - TemplateLoader.findTemplateSource("Extent_en.ftl"): Not found
31/05/2021 22:33:31 DEBUG freemarker.cache - TemplateLoader.findTemplateSource("Extent.ftl"): Found
31/05/2021 22:33:31 DEBUG freemarker.cache - Loading template for "Extent.ftl"("en_US", UTF-8, parsed) from "jar:file:/C:/Users/Admin/.m2/repository/com/relevantcodes/extentreports/2.41.2/extentreports-2.41.2.jar!/com/relevantcodes/extentreports/view/Extent.ftl"
05/06/2021 12:25:57 INFO  sample_test - Initializing Global Variables ........
05/06/2021 12:25:58 INFO  sample_test2 - Initializing Global Variables ........
05/06/2021 12:25:58 INFO  sample_test2 - Initiate Webdriver .......
05/06/2021 12:26:01 INFO  sample_test2 - initializing class com.application.libs.web.VRWebElement.......
05/06/2021 12:26:41 INFO  sample_test2 - Application Launched Successfully.
05/06/2021 12:26:42 INFO  sample_test2 - clicked on element : No Thanks
05/06/2021 12:26:42 INFO  sample_test2 - Selenium easy Welcome page is loaded successfully.
05/06/2021 12:26:43 INFO  sample_test2 - clicked on element : Input Forms
05/06/2021 12:26:43 INFO  sample_test2 - Initiate Webdriver .......
05/06/2021 12:26:45 INFO  sample_test2 - initializing class com.application.libs.web.VRWebElement.......
05/06/2021 12:27:24 INFO  sample_test2 - Initiate Webdriver .......
05/06/2021 12:27:26 INFO  sample_test2 - initializing class com.application.libs.web.VRWebElement.......
05/06/2021 12:28:05 INFO  sample_test2 - Initiate Webdriver .......
05/06/2021 12:28:07 INFO  sample_test2 - initializing class com.application.libs.web.VRWebElement.......
05/06/2021 12:28:29 DEBUG freemarker.cache - Couldn't find template in cache for "Extent.ftl"("en_US", UTF-8, parsed); will try to load it.
05/06/2021 12:28:29 DEBUG freemarker.cache - TemplateLoader.findTemplateSource("Extent_en_US.ftl"): Not found
05/06/2021 12:28:29 DEBUG freemarker.cache - TemplateLoader.findTemplateSource("Extent_en.ftl"): Not found
05/06/2021 12:28:29 DEBUG freemarker.cache - TemplateLoader.findTemplateSource("Extent.ftl"): Found
05/06/2021 12:28:29 DEBUG freemarker.cache - Loading template for "Extent.ftl"("en_US", UTF-8, parsed) from "jar:file:/C:/Users/Admin/.m2/repository/com/relevantcodes/extentreports/2.41.2/extentreports-2.41.2.jar!/com/relevantcodes/extentreports/view/Extent.ftl"
05/06/2021 12:28:29 DEBUG freemarker.cache - Couldn't find template in cache for "Extent.ftl"("en_US", UTF-8, parsed); will try to load it.
05/06/2021 12:28:29 DEBUG freemarker.cache - TemplateLoader.findTemplateSource("Extent_en_US.ftl"): Not found
05/06/2021 12:28:29 DEBUG freemarker.cache - TemplateLoader.findTemplateSource("Extent_en.ftl"): Not found
05/06/2021 12:28:29 DEBUG freemarker.cache - TemplateLoader.findTemplateSource("Extent.ftl"): Found
05/06/2021 12:28:29 DEBUG freemarker.cache - Loading template for "Extent.ftl"("en_US", UTF-8, parsed) from "jar:file:/C:/Users/Admin/.m2/repository/com/relevantcodes/extentreports/2.41.2/extentreports-2.41.2.jar!/com/relevantcodes/extentreports/view/Extent.ftl"
05/06/2021 12:38:14 INFO  sample_test - Initializing Global Variables ........
05/06/2021 12:38:14 INFO  sample_test2 - Initializing Global Variables ........
05/06/2021 12:38:14 INFO  sample_test2 - Initiate Webdriver .......
05/06/2021 12:38:17 INFO  sample_test2 - initializing class com.application.libs.web.VRWebElement.......
05/06/2021 12:38:26 INFO  sample_test2 - Application Launched Successfully.
05/06/2021 12:38:27 INFO  sample_test2 - clicked on element : No Thanks
05/06/2021 12:38:27 INFO  sample_test2 - Selenium easy Welcome page is loaded successfully.
05/06/2021 12:38:28 INFO  sample_test2 - clicked on element : Input Forms
05/06/2021 12:38:28 INFO  sample_test2 - Initiate Webdriver .......
05/06/2021 12:38:30 INFO  sample_test2 - initializing class com.application.libs.web.VRWebElement.......
05/06/2021 12:38:41 INFO  sample_test2 - Application Launched Successfully.
05/06/2021 12:38:42 INFO  sample_test2 - clicked on element : No Thanks
05/06/2021 12:38:42 INFO  sample_test2 - Selenium easy Welcome page is loaded successfully.
05/06/2021 12:38:42 INFO  sample_test2 - clicked on element : Table
05/06/2021 12:38:43 INFO  sample_test2 - Initiate Webdriver .......
05/06/2021 12:38:45 INFO  sample_test2 - initializing class com.application.libs.web.VRWebElement.......
05/06/2021 12:39:03 INFO  sample_test2 - Application Launched Successfully.
05/06/2021 12:39:04 INFO  sample_test2 - clicked on element : No Thanks
05/06/2021 12:39:05 INFO  sample_test2 - Selenium easy Welcome page is loaded successfully.
05/06/2021 12:39:05 INFO  sample_test2 - clicked on element : Progress Bars & Sliders
05/06/2021 12:39:06 INFO  sample_test2 - Initiate Webdriver .......
05/06/2021 12:39:07 INFO  sample_test2 - initializing class com.application.libs.web.VRWebElement.......
05/06/2021 12:39:35 INFO  sample_test2 - Application Launched Successfully.
05/06/2021 12:39:36 INFO  sample_test2 - clicked on element : No Thanks
05/06/2021 12:39:37 INFO  sample_test2 - Selenium easy Welcome page is loaded successfully.
05/06/2021 12:39:37 INFO  sample_test2 - clicked on element : Alerts & Modals
05/06/2021 12:39:38 DEBUG freemarker.cache - Couldn't find template in cache for "Extent.ftl"("en_US", UTF-8, parsed); will try to load it.
05/06/2021 12:39:38 DEBUG freemarker.cache - TemplateLoader.findTemplateSource("Extent_en_US.ftl"): Not found
05/06/2021 12:39:38 DEBUG freemarker.cache - TemplateLoader.findTemplateSource("Extent_en.ftl"): Not found
05/06/2021 12:39:38 DEBUG freemarker.cache - TemplateLoader.findTemplateSource("Extent.ftl"): Found
05/06/2021 12:39:38 DEBUG freemarker.cache - Loading template for "Extent.ftl"("en_US", UTF-8, parsed) from "jar:file:/C:/Users/Admin/.m2/repository/com/relevantcodes/extentreports/2.41.2/extentreports-2.41.2.jar!/com/relevantcodes/extentreports/view/Extent.ftl"
05/06/2021 12:39:38 DEBUG freemarker.cache - Couldn't find template in cache for "Extent.ftl"("en_US", UTF-8, parsed); will try to load it.
05/06/2021 12:39:38 DEBUG freemarker.cache - TemplateLoader.findTemplateSource("Extent_en_US.ftl"): Not found
05/06/2021 12:39:38 DEBUG freemarker.cache - TemplateLoader.findTemplateSource("Extent_en.ftl"): Not found
05/06/2021 12:39:38 DEBUG freemarker.cache - TemplateLoader.findTemplateSource("Extent.ftl"): Found
05/06/2021 12:39:38 DEBUG freemarker.cache - Loading template for "Extent.ftl"("en_US", UTF-8, parsed) from "jar:file:/C:/Users/Admin/.m2/repository/com/relevantcodes/extentreports/2.41.2/extentreports-2.41.2.jar!/com/relevantcodes/extentreports/view/Extent.ftl"
05/06/2021 14:02:51 INFO  displaye_message_test - Initializing Global Variables ........
05/06/2021 14:03:29 INFO  displaye_message_test - Initializing Global Variables ........
05/06/2021 14:04:40 INFO  sample_test2 - Initializing Global Variables ........
05/06/2021 14:05:11 INFO  sample_test2 - Initializing Global Variables ........
05/06/2021 14:05:11 INFO  sample_test2 - Initiate Webdriver .......
05/06/2021 14:05:14 INFO  sample_test2 - initializing class com.application.libs.web.VRWebElement.......
05/06/2021 14:05:29 INFO  sample_test2 - Application Launched Successfully.
05/06/2021 14:05:29 INFO  sample_test2 - clicked on element : No Thanks
05/06/2021 14:05:30 INFO  sample_test2 - Selenium easy Welcome page is loaded successfully.
05/06/2021 14:05:30 INFO  sample_test2 - clicked on element : Progress Bars & Sliders
05/06/2021 14:05:31 INFO  sample_test2 - Initiate Webdriver .......
05/06/2021 14:05:32 INFO  sample_test2 - initializing class com.application.libs.web.VRWebElement.......
05/06/2021 14:05:44 INFO  sample_test2 - Application Launched Successfully.
05/06/2021 14:05:45 INFO  sample_test2 - clicked on element : No Thanks
05/06/2021 14:05:45 INFO  sample_test2 - Selenium easy Welcome page is loaded successfully.
05/06/2021 14:05:45 INFO  sample_test2 - clicked on element : Alerts & Modals
05/06/2021 14:06:36 INFO  displaye_message_test - Initializing Global Variables ........
05/06/2021 14:07:35 INFO  displaye_message_test - Initializing Global Variables ........
05/06/2021 14:17:41 INFO  display_message_test - Initializing Global Variables ........
05/06/2021 14:18:57 INFO  display_message_test - Initializing Global Variables ........
05/06/2021 14:19:33 INFO  display_message_test - Initializing Global Variables ........
05/06/2021 14:20:11 INFO  sample_test2 - Initializing Global Variables ........
05/06/2021 14:20:11 INFO  sample_test2 - Initiate Webdriver .......
05/06/2021 14:20:14 INFO  sample_test2 - initializing class com.application.libs.web.VRWebElement.......
05/06/2021 14:21:14 INFO  display_message_test - Initializing Global Variables ........
05/06/2021 14:21:52 INFO  sample_test2 - Initializing Global Variables ........
05/06/2021 14:21:52 INFO  sample_test2 - Initiate Webdriver .......
05/06/2021 14:21:55 INFO  sample_test2 - initializing class com.application.libs.web.VRWebElement.......
05/06/2021 14:22:00 INFO  sample_test2 - Initiate Webdriver .......
05/06/2021 14:23:53 INFO  display_messate_test - Initializing Global Variables ........
05/06/2021 14:26:20 INFO  display_messate_test - Initiate Webdriver .......
05/06/2021 14:27:05 INFO  display_messate_test - initializing class com.application.libs.web.VRWebElement.......
05/06/2021 14:28:46 INFO  display_messate_test - Initializing Global Variables ........
05/06/2021 14:28:46 INFO  display_messate_test - Initiate Webdriver .......
05/06/2021 14:28:49 INFO  display_messate_test - initializing class com.application.libs.web.VRWebElement.......
05/06/2021 14:29:08 INFO  display_messate_test - Application Launched Successfully.
05/06/2021 14:29:08 INFO  display_messate_test - clicked on element : No Thanks
05/06/2021 14:29:09 INFO  display_messate_test - Selenium easy Welcome page is loaded successfully.
05/06/2021 14:29:10 INFO  display_messate_test - clicked on element : Input Forms
05/06/2021 14:34:01 INFO  display_messate_test - Initializing Global Variables ........
05/06/2021 14:34:02 INFO  display_messate_test - Initiate Webdriver .......
05/06/2021 14:34:04 INFO  display_messate_test - initializing class com.application.libs.web.VRWebElement.......
05/06/2021 14:34:04 INFO  display_messate_test - initializing class com.application.libs.web.VRWebElement.......
05/06/2021 14:35:55 INFO  display_messate_test - Application Launched Successfully.
05/06/2021 14:35:56 INFO  display_messate_test - clicked on element : No Thanks
05/06/2021 14:35:56 INFO  display_messate_test - Selenium easy Welcome page is loaded successfully.
05/06/2021 14:35:56 INFO  display_messate_test - clicked on element : Input Forms
05/06/2021 14:35:57 INFO  display_messate_test - clicked on element : Input Forms
05/06/2021 14:35:57 ERROR display_messate_test - Failed to locate the element : Simple Form Demo
05/06/2021 14:36:22 INFO  display_messate_test - Initializing Global Variables ........
05/06/2021 14:36:22 INFO  display_messate_test - Initiate Webdriver .......
05/06/2021 14:36:25 INFO  display_messate_test - initializing class com.application.libs.web.VRWebElement.......
05/06/2021 14:36:25 INFO  display_messate_test - initializing class com.application.libs.web.VRWebElement.......
05/06/2021 14:38:31 INFO  display_messate_test - Initializing Global Variables ........
05/06/2021 14:38:31 INFO  display_messate_test - Initiate Webdriver .......
05/06/2021 14:38:34 INFO  display_messate_test - initializing class com.application.libs.web.VRWebElement.......
05/06/2021 14:38:34 INFO  display_messate_test - initializing class com.application.libs.web.VRWebElement.......
05/06/2021 14:40:24 INFO  display_messate_test - Application Launched Successfully.
05/06/2021 14:40:25 INFO  display_messate_test - clicked on element : No Thanks
05/06/2021 14:40:26 INFO  display_messate_test - Selenium easy Welcome page is loaded successfully.
05/06/2021 14:40:26 INFO  display_messate_test - clicked on element : Input Forms
05/06/2021 14:40:26 INFO  display_messate_test - clicked on element : Input Forms
05/06/2021 14:40:26 ERROR display_messate_test - Failed to locate the element : Simple Form Demo
05/06/2021 14:40:57 ERROR display_messate_test - failed to Locate Element : //input[@placeholder='Please enter your Message']
05/06/2021 14:43:38 INFO  display_messate_test - Initializing Global Variables ........
05/06/2021 14:43:41 INFO  display_messate_test - Initiate Webdriver .......
05/06/2021 14:43:43 INFO  display_messate_test - initializing class com.application.libs.web.VRWebElement.......
05/06/2021 14:43:43 INFO  display_messate_test - initializing class com.application.libs.web.VRWebElement.......
05/06/2021 14:44:51 INFO  display_messate_test - Application Launched Successfully.
05/06/2021 14:44:52 INFO  display_messate_test - clicked on element : No Thanks
05/06/2021 14:44:53 INFO  display_messate_test - Selenium easy Welcome page is loaded successfully.
05/06/2021 14:44:53 INFO  display_messate_test - clicked on element : Input Forms
05/06/2021 14:45:42 INFO  display_messate_test - Initializing Global Variables ........
05/06/2021 14:45:42 INFO  display_messate_test - Initiate Webdriver .......
05/06/2021 14:45:45 INFO  display_messate_test - initializing class com.application.libs.web.VRWebElement.......
05/06/2021 14:45:45 INFO  display_messate_test - initializing class com.application.libs.web.VRWebElement.......
05/06/2021 14:46:52 INFO  display_messate_test - Application Launched Successfully.
05/06/2021 14:46:53 INFO  display_messate_test - clicked on element : No Thanks
05/06/2021 14:46:53 INFO  display_messate_test - Selenium easy Welcome page is loaded successfully.
05/06/2021 14:46:53 INFO  display_messate_test - clicked on element : Input Forms
05/06/2021 14:46:59 INFO  display_messate_test - clicked on element : Simple Form Demo
05/06/2021 14:47:06 INFO  display_messate_test - Enter your message Field field value entered as : Test Automation With Selenium
05/06/2021 14:47:06 INFO  display_messate_test - clicked on element : Show Message button
05/06/2021 14:47:07 INFO  display_messate_test - Dispaly message verification passed
05/06/2021 14:55:16 INFO  get_total_test - Initializing Global Variables ........
05/06/2021 14:56:13 INFO  get_total_test - Initializing Global Variables ........
05/06/2021 14:56:50 INFO  get_total_test - Initializing Global Variables ........
05/06/2021 14:56:51 INFO  get_total_test - Initiate Webdriver .......
05/06/2021 14:56:53 INFO  get_total_test - initializing class com.application.libs.web.VRWebElement.......
05/06/2021 14:56:53 INFO  get_total_test - initializing class com.application.libs.web.VRWebElement.......
05/06/2021 14:57:05 INFO  get_total_test - Application Launched Successfully.
05/06/2021 14:57:06 INFO  get_total_test - clicked on element : No Thanks
05/06/2021 14:57:06 INFO  get_total_test - Selenium easy Welcome page is loaded successfully.
05/06/2021 14:57:06 INFO  get_total_test - clicked on element : Input Forms
05/06/2021 14:57:08 INFO  get_total_test - clicked on element : Simple Form Demo
05/06/2021 14:57:08 INFO  get_total_test - Enter a field value entered as : 1
05/06/2021 14:57:08 INFO  get_total_test - Enter b field value entered as : 2
05/06/2021 14:57:09 INFO  get_total_test - clicked on element : Get Total button
05/06/2021 15:50:21 INFO  display_messate_test - Initializing Global Variables ........
05/06/2021 15:50:21 INFO  display_messate_test - Initiate Webdriver .......
05/06/2021 15:50:24 INFO  display_messate_test - initializing class com.application.libs.web.VRWebElement.......
05/06/2021 15:50:24 INFO  display_messate_test - initializing class com.application.libs.web.VRWebElement.......
05/06/2021 15:50:45 INFO  display_messate_test - Application Launched Successfully.
05/06/2021 15:50:46 INFO  display_messate_test - clicked on element : No Thanks
05/06/2021 15:50:46 INFO  display_messate_test - Selenium easy Welcome page is loaded successfully.
05/06/2021 15:50:46 INFO  display_messate_test - clicked on element : Input Forms
05/06/2021 15:50:51 INFO  display_messate_test - clicked on element : Simple Form Demo
05/06/2021 15:50:54 INFO  display_messate_test - Enter your message Field field value entered as : Test Automation With Selenium
05/06/2021 15:50:54 INFO  display_messate_test - clicked on element : Show Message button
05/06/2021 15:50:54 INFO  display_messate_test - Dispaly message verification passed
05/06/2021 15:50:55 INFO  display_messate_test - Initiate Webdriver .......
05/06/2021 15:50:58 INFO  display_messate_test - initializing class com.application.libs.web.VRWebElement.......
05/06/2021 15:50:58 INFO  display_messate_test - initializing class com.application.libs.web.VRWebElement.......
05/06/2021 15:51:17 INFO  display_messate_test - Application Launched Successfully.
05/06/2021 15:51:18 INFO  display_messate_test - clicked on element : No Thanks
05/06/2021 15:51:18 INFO  display_messate_test - Selenium easy Welcome page is loaded successfully.
05/06/2021 15:51:19 INFO  display_messate_test - clicked on element : Input Forms
05/06/2021 15:51:20 INFO  display_messate_test - clicked on element : Simple Form Demo
05/06/2021 15:51:22 INFO  display_messate_test - Enter your message Field field value entered as : Test Automation With Selenium1
05/06/2021 15:51:23 INFO  display_messate_test - clicked on element : Show Message button
05/06/2021 15:51:23 INFO  display_messate_test - Dispaly message verification passed
05/06/2021 15:51:23 INFO  display_messate_test - Initiate Webdriver .......
05/06/2021 15:51:26 INFO  display_messate_test - initializing class com.application.libs.web.VRWebElement.......
05/06/2021 15:51:26 INFO  display_messate_test - initializing class com.application.libs.web.VRWebElement.......
05/06/2021 15:51:39 INFO  display_messate_test - Application Launched Successfully.
05/06/2021 15:51:39 INFO  display_messate_test - clicked on element : No Thanks
05/06/2021 15:51:40 INFO  display_messate_test - Selenium easy Welcome page is loaded successfully.
05/06/2021 15:51:40 INFO  display_messate_test - clicked on element : Input Forms
05/06/2021 15:51:43 INFO  display_messate_test - clicked on element : Simple Form Demo
05/06/2021 15:51:44 INFO  display_messate_test - Enter your message Field field value entered as : Test Automation With Selenium2
05/06/2021 15:51:44 INFO  display_messate_test - clicked on element : Show Message button
05/06/2021 15:51:44 INFO  display_messate_test - Dispaly message verification passed
05/06/2021 15:56:31 INFO  get_total_test - Initializing Global Variables ........
05/06/2021 15:56:31 INFO  display_messate_test - Initializing Global Variables ........
05/06/2021 15:56:32 INFO  display_messate_test - Initiate Webdriver .......
05/06/2021 15:56:35 INFO  display_messate_test - initializing class com.application.libs.web.VRWebElement.......
05/06/2021 15:56:35 INFO  display_messate_test - initializing class com.application.libs.web.VRWebElement.......
05/06/2021 15:57:17 INFO  display_messate_test - Application Launched Successfully.
05/06/2021 15:57:17 INFO  display_messate_test - clicked on element : No Thanks
05/06/2021 15:57:18 INFO  display_messate_test - Selenium easy Welcome page is loaded successfully.
05/06/2021 15:57:18 INFO  display_messate_test - clicked on element : Input Forms
05/06/2021 15:57:22 INFO  display_messate_test - clicked on element : Simple Form Demo
05/06/2021 15:57:24 INFO  display_messate_test - Enter a field value entered as : 1
05/06/2021 15:57:25 INFO  display_messate_test - Enter b field value entered as : 2
05/06/2021 15:57:25 INFO  display_messate_test - clicked on element : Get Total button
05/06/2021 15:57:26 INFO  display_messate_test - Initiate Webdriver .......
05/06/2021 15:57:28 INFO  display_messate_test - initializing class com.application.libs.web.VRWebElement.......
05/06/2021 15:57:28 INFO  display_messate_test - initializing class com.application.libs.web.VRWebElement.......
05/06/2021 15:57:54 INFO  display_messate_test - Application Launched Successfully.
05/06/2021 15:57:55 INFO  display_messate_test - clicked on element : No Thanks
05/06/2021 15:57:55 INFO  display_messate_test - Selenium easy Welcome page is loaded successfully.
05/06/2021 15:57:56 INFO  display_messate_test - clicked on element : Input Forms
05/06/2021 15:57:59 INFO  display_messate_test - clicked on element : Simple Form Demo
05/06/2021 15:58:00 INFO  display_messate_test - Enter your message Field field value entered as : Test Automation With Selenium
05/06/2021 15:58:00 INFO  display_messate_test - clicked on element : Show Message button
05/06/2021 15:58:00 INFO  display_messate_test - Dispaly message verification passed
05/06/2021 15:58:01 INFO  display_messate_test - Initiate Webdriver .......
05/06/2021 15:58:03 INFO  display_messate_test - initializing class com.application.libs.web.VRWebElement.......
05/06/2021 15:58:03 INFO  display_messate_test - initializing class com.application.libs.web.VRWebElement.......
05/06/2021 15:58:52 INFO  display_messate_test - Application Launched Successfully.
05/06/2021 15:58:52 INFO  display_messate_test - clicked on element : No Thanks
05/06/2021 15:58:53 INFO  display_messate_test - Selenium easy Welcome page is loaded successfully.
05/06/2021 15:58:53 INFO  display_messate_test - clicked on element : Input Forms
05/06/2021 15:58:59 INFO  display_messate_test - clicked on element : Simple Form Demo
05/06/2021 15:59:01 INFO  display_messate_test - Enter your message Field field value entered as : Test Automation With Selenium1
05/06/2021 15:59:01 INFO  display_messate_test - clicked on element : Show Message button
05/06/2021 15:59:02 INFO  display_messate_test - Dispaly message verification passed
05/06/2021 15:59:02 INFO  display_messate_test - Initiate Webdriver .......
05/06/2021 15:59:05 INFO  display_messate_test - initializing class com.application.libs.web.VRWebElement.......
05/06/2021 15:59:05 INFO  display_messate_test - initializing class com.application.libs.web.VRWebElement.......
05/06/2021 15:59:23 INFO  display_messate_test - Application Launched Successfully.
05/06/2021 15:59:24 INFO  display_messate_test - clicked on element : No Thanks
05/06/2021 15:59:25 INFO  display_messate_test - Selenium easy Welcome page is loaded successfully.
05/06/2021 15:59:25 INFO  display_messate_test - clicked on element : Input Forms
05/06/2021 15:59:30 INFO  display_messate_test - clicked on element : Simple Form Demo
05/06/2021 15:59:32 INFO  display_messate_test - Enter your message Field field value entered as : Test Automation With Selenium2
05/06/2021 15:59:33 INFO  display_messate_test - clicked on element : Show Message button
05/06/2021 15:59:33 INFO  display_messate_test - Dispaly message verification passed
05/06/2021 16:04:39 INFO  get_total_test - Initializing Global Variables ........
05/06/2021 16:04:39 INFO  display_messate_test - Initializing Global Variables ........
05/06/2021 16:04:40 INFO  display_messate_test - Initiate Webdriver .......
05/06/2021 16:04:43 INFO  display_messate_test - initializing class com.application.libs.web.VRWebElement.......
05/06/2021 16:04:43 INFO  display_messate_test - initializing class com.application.libs.web.VRWebElement.......
05/06/2021 16:04:57 INFO  display_messate_test - Application Launched Successfully.
05/06/2021 16:04:58 INFO  display_messate_test - clicked on element : No Thanks
05/06/2021 16:04:58 INFO  display_messate_test - Selenium easy Welcome page is loaded successfully.
05/06/2021 16:04:58 INFO  display_messate_test - clicked on element : Input Forms
05/06/2021 16:05:01 INFO  display_messate_test - clicked on element : Simple Form Demo
05/06/2021 16:05:03 INFO  display_messate_test - Enter a field value entered as : 1
05/06/2021 16:05:03 INFO  display_messate_test - Enter b field value entered as : 2
05/06/2021 16:05:04 INFO  display_messate_test - clicked on element : Get Total button
05/06/2021 16:05:04 INFO  display_messate_test - Initiate Webdriver .......
05/06/2021 16:05:07 INFO  display_messate_test - initializing class com.application.libs.web.VRWebElement.......
05/06/2021 16:05:07 INFO  display_messate_test - initializing class com.application.libs.web.VRWebElement.......
05/06/2021 16:05:23 INFO  display_messate_test - Application Launched Successfully.
05/06/2021 16:05:24 INFO  display_messate_test - clicked on element : No Thanks
05/06/2021 16:05:24 INFO  display_messate_test - Selenium easy Welcome page is loaded successfully.
05/06/2021 16:05:24 INFO  display_messate_test - clicked on element : Input Forms
05/06/2021 16:05:28 INFO  display_messate_test - clicked on element : Simple Form Demo
05/06/2021 16:05:29 INFO  display_messate_test - Enter your message Field field value entered as : Test Automation With Selenium
05/06/2021 16:05:29 INFO  display_messate_test - clicked on element : Show Message button
05/06/2021 16:05:31 INFO  display_messate_test - Dispaly message verification passed
05/06/2021 16:09:27 INFO  get_total_test - Initializing Global Variables ........
05/06/2021 16:09:27 INFO  display_messate_test - Initializing Global Variables ........
05/06/2021 16:09:27 INFO  display_messate_test - Initiate Webdriver .......
05/06/2021 16:09:30 INFO  display_messate_test - initializing class com.application.libs.web.VRWebElement.......
05/06/2021 16:09:30 INFO  display_messate_test - initializing class com.application.libs.web.VRWebElement.......
05/06/2021 16:10:15 INFO  display_messate_test - Application Launched Successfully.
05/06/2021 16:10:16 INFO  display_messate_test - clicked on element : No Thanks
05/06/2021 16:10:16 INFO  display_messate_test - Selenium easy Welcome page is loaded successfully.
05/06/2021 16:10:17 INFO  display_messate_test - clicked on element : Input Forms
05/06/2021 16:10:21 INFO  display_messate_test - clicked on element : Simple Form Demo
05/06/2021 16:10:23 INFO  display_messate_test - Enter a field value entered as : 1
05/06/2021 16:10:24 INFO  display_messate_test - Enter b field value entered as : 2
05/06/2021 16:10:24 INFO  display_messate_test - clicked on element : Get Total button
05/06/2021 16:10:25 INFO  display_messate_test - Initiate Webdriver .......
05/06/2021 16:10:28 INFO  display_messate_test - initializing class com.application.libs.web.VRWebElement.......
05/06/2021 16:10:28 INFO  display_messate_test - initializing class com.application.libs.web.VRWebElement.......
05/06/2021 16:12:28 INFO  display_messate_test - Application Launched Successfully.
05/06/2021 16:12:29 INFO  display_messate_test - clicked on element : No Thanks
05/06/2021 16:12:29 INFO  display_messate_test - Selenium easy Welcome page is loaded successfully.
05/06/2021 16:12:29 INFO  display_messate_test - clicked on element : Input Forms
05/06/2021 16:12:36 INFO  display_messate_test - clicked on element : Simple Form Demo
05/06/2021 16:12:37 INFO  display_messate_test - Enter your message Field field value entered as : Test Automation With Selenium
05/06/2021 16:12:41 INFO  display_messate_test - clicked on element : Show Message button
05/06/2021 16:12:41 INFO  display_messate_test - Dispaly message verification passed
05/06/2021 16:12:42 DEBUG freemarker.cache - Couldn't find template in cache for "Extent.ftl"("en_US", UTF-8, parsed); will try to load it.
05/06/2021 16:12:42 DEBUG freemarker.cache - TemplateLoader.findTemplateSource("Extent_en_US.ftl"): Not found
05/06/2021 16:12:42 DEBUG freemarker.cache - TemplateLoader.findTemplateSource("Extent_en.ftl"): Not found
05/06/2021 16:12:42 DEBUG freemarker.cache - TemplateLoader.findTemplateSource("Extent.ftl"): Found
05/06/2021 16:12:42 DEBUG freemarker.cache - Loading template for "Extent.ftl"("en_US", UTF-8, parsed) from "jar:file:/C:/Users/Admin/.m2/repository/com/relevantcodes/extentreports/2.41.2/extentreports-2.41.2.jar!/com/relevantcodes/extentreports/view/Extent.ftl"
05/06/2021 16:12:42 DEBUG freemarker.cache - Couldn't find template in cache for "Extent.ftl"("en_US", UTF-8, parsed); will try to load it.
05/06/2021 16:12:42 DEBUG freemarker.cache - TemplateLoader.findTemplateSource("Extent_en_US.ftl"): Not found
05/06/2021 16:12:42 DEBUG freemarker.cache - TemplateLoader.findTemplateSource("Extent_en.ftl"): Not found
05/06/2021 16:12:42 DEBUG freemarker.cache - TemplateLoader.findTemplateSource("Extent.ftl"): Found
05/06/2021 16:12:42 DEBUG freemarker.cache - Loading template for "Extent.ftl"("en_US", UTF-8, parsed) from "jar:file:/C:/Users/Admin/.m2/repository/com/relevantcodes/extentreports/2.41.2/extentreports-2.41.2.jar!/com/relevantcodes/extentreports/view/Extent.ftl"
05/06/2021 16:23:36 INFO  get_total_test - Initializing Global Variables ........
05/06/2021 16:23:36 INFO  display_messate_test - Initializing Global Variables ........
05/06/2021 16:23:36 INFO  display_messate_test - Initiate Webdriver .......
05/06/2021 16:23:39 INFO  display_messate_test - initializing class com.application.libs.web.VRWebElement.......
05/06/2021 16:23:39 INFO  display_messate_test - initializing class com.application.libs.web.VRWebElement.......
05/06/2021 16:23:53 INFO  display_messate_test - Application Launched Successfully.
05/06/2021 16:23:53 INFO  display_messate_test - clicked on element : No Thanks
05/06/2021 16:23:54 INFO  display_messate_test - Selenium easy Welcome page is loaded successfully.
05/06/2021 16:23:54 INFO  display_messate_test - clicked on element : Input Forms
05/06/2021 16:23:59 INFO  display_messate_test - clicked on element : Simple Form Demo
05/06/2021 16:24:02 INFO  display_messate_test - Enter a field value entered as : 1
05/06/2021 16:24:02 INFO  display_messate_test - Enter b field value entered as : 2
05/06/2021 16:24:02 INFO  display_messate_test - clicked on element : Get Total button
05/06/2021 16:24:03 INFO  display_messate_test - Initiate Webdriver .......
05/06/2021 16:24:06 INFO  display_messate_test - initializing class com.application.libs.web.VRWebElement.......
05/06/2021 16:24:06 INFO  display_messate_test - initializing class com.application.libs.web.VRWebElement.......
05/06/2021 16:24:21 INFO  display_messate_test - Application Launched Successfully.
05/06/2021 16:24:22 INFO  display_messate_test - clicked on element : No Thanks
05/06/2021 16:24:22 INFO  display_messate_test - Selenium easy Welcome page is loaded successfully.
05/06/2021 16:24:23 INFO  display_messate_test - clicked on element : Input Forms
05/06/2021 16:24:28 INFO  display_messate_test - clicked on element : Simple Form Demo
05/06/2021 16:24:58 ERROR display_messate_test - nput[@placeholder='Please enter your Messagfailed to Locate Element : //i']
05/06/2021 16:24:59 DEBUG freemarker.cache - Couldn't find template in cache for "Extent.ftl"("en_US", UTF-8, parsed); will try to load it.
05/06/2021 16:24:59 DEBUG freemarker.cache - TemplateLoader.findTemplateSource("Extent_en_US.ftl"): Not found
05/06/2021 16:24:59 DEBUG freemarker.cache - TemplateLoader.findTemplateSource("Extent_en.ftl"): Not found
05/06/2021 16:24:59 DEBUG freemarker.cache - TemplateLoader.findTemplateSource("Extent.ftl"): Found
05/06/2021 16:24:59 DEBUG freemarker.cache - Loading template for "Extent.ftl"("en_US", UTF-8, parsed) from "jar:file:/C:/Users/Admin/.m2/repository/com/relevantcodes/extentreports/2.41.2/extentreports-2.41.2.jar!/com/relevantcodes/extentreports/view/Extent.ftl"
05/06/2021 16:24:59 DEBUG freemarker.cache - Couldn't find template in cache for "Extent.ftl"("en_US", UTF-8, parsed); will try to load it.
05/06/2021 16:24:59 DEBUG freemarker.cache - TemplateLoader.findTemplateSource("Extent_en_US.ftl"): Not found
05/06/2021 16:24:59 DEBUG freemarker.cache - TemplateLoader.findTemplateSource("Extent_en.ftl"): Not found
05/06/2021 16:24:59 DEBUG freemarker.cache - TemplateLoader.findTemplateSource("Extent.ftl"): Found
05/06/2021 16:24:59 DEBUG freemarker.cache - Loading template for "Extent.ftl"("en_US", UTF-8, parsed) from "jar:file:/C:/Users/Admin/.m2/repository/com/relevantcodes/extentreports/2.41.2/extentreports-2.41.2.jar!/com/relevantcodes/extentreports/view/Extent.ftl"
05/06/2021 16:30:47 INFO  get_total_test - Initializing Global Variables ........
05/06/2021 16:30:47 INFO  display_messate_test - Initializing Global Variables ........
05/06/2021 16:30:48 INFO  display_messate_test - Initiate Webdriver .......
05/06/2021 16:30:52 INFO  display_messate_test - initializing class com.application.libs.web.VRWebElement.......
05/06/2021 16:30:52 INFO  display_messate_test - initializing class com.application.libs.web.VRWebElement.......
05/06/2021 16:31:05 INFO  display_messate_test - Application Launched Successfully.
05/06/2021 16:31:05 INFO  display_messate_test - clicked on element : No Thanks
05/06/2021 16:31:06 INFO  display_messate_test - Selenium easy Welcome page is loaded successfully.
05/06/2021 16:31:06 INFO  display_messate_test - clicked on element : Input Forms
05/06/2021 16:31:11 INFO  display_messate_test - clicked on element : Simple Form Demo
05/06/2021 16:31:13 INFO  display_messate_test - Enter a field value entered as : 1
05/06/2021 16:31:13 INFO  display_messate_test - Enter b field value entered as : 2
05/06/2021 16:31:13 INFO  display_messate_test - clicked on element : Get Total button
05/06/2021 16:31:14 INFO  display_messate_test - Initiate Webdriver .......
05/06/2021 16:31:17 INFO  display_messate_test - initializing class com.application.libs.web.VRWebElement.......
05/06/2021 16:31:17 INFO  display_messate_test - initializing class com.application.libs.web.VRWebElement.......
05/06/2021 16:31:41 INFO  display_messate_test - Application Launched Successfully.
05/06/2021 16:31:42 INFO  display_messate_test - clicked on element : No Thanks
05/06/2021 16:31:42 INFO  display_messate_test - Selenium easy Welcome page is loaded successfully.
05/06/2021 16:31:42 INFO  display_messate_test - clicked on element : Input Forms
05/06/2021 16:31:47 INFO  display_messate_test - clicked on element : Simple Form Demo
05/06/2021 16:32:17 ERROR display_messate_test - no such element: Unable to locate element: {"method":"xpath","selector":"//input[@placeholder='Please enter your Messag']"}
  (Session info: chrome=91.0.4472.77)
For documentation on this error, please visit: https://www.seleniumhq.org/exceptions/no_such_element.html
Build info: version: '3.141.59', revision: 'e82be7d358', time: '2018-11-14T08:17:03'
System info: host: 'ADMIN-PC', ip: '169.254.29.232', os.name: 'Windows 7', os.arch: 'amd64', os.version: '6.1', java.version: '1.8.0_251'
Driver info: org.openqa.selenium.chrome.ChromeDriver
Capabilities {acceptInsecureCerts: false, browserName: chrome, browserVersion: 91.0.4472.77, chrome: {chromedriverVersion: 90.0.4430.24 (4c6d850f087da..., userDataDir: C:\Users\Admin\AppData\Loca...}, goog:chromeOptions: {debuggerAddress: localhost:61520}, javascriptEnabled: true, networkConnectionEnabled: false, pageLoadStrategy: normal, platform: WINDOWS, platformName: WINDOWS, proxy: Proxy(), setWindowRect: true, strictFileInteractability: false, timeouts: {implicit: 0, pageLoad: 300000, script: 30000}, unhandledPromptBehavior: dismiss and notify, webauthn:extension:largeBlob: true, webauthn:virtualAuthenticators: true}
Session ID: b18c5443a406118d55ea2c5f221ae71c
*** Element info: {Using=xpath, value=//input[@placeholder='Please enter your Messag']}
05/06/2021 16:32:17 ERROR display_messate_test - failed to Locate Element : //input[@placeholder='Please enter your Messag']
05/06/2021 16:32:18 DEBUG freemarker.cache - Couldn't find template in cache for "Extent.ftl"("en_US", UTF-8, parsed); will try to load it.
05/06/2021 16:32:18 DEBUG freemarker.cache - TemplateLoader.findTemplateSource("Extent_en_US.ftl"): Not found
05/06/2021 16:32:18 DEBUG freemarker.cache - TemplateLoader.findTemplateSource("Extent_en.ftl"): Not found
05/06/2021 16:32:18 DEBUG freemarker.cache - TemplateLoader.findTemplateSource("Extent.ftl"): Found
05/06/2021 16:32:18 DEBUG freemarker.cache - Loading template for "Extent.ftl"("en_US", UTF-8, parsed) from "jar:file:/C:/Users/Admin/.m2/repository/com/relevantcodes/extentreports/2.41.2/extentreports-2.41.2.jar!/com/relevantcodes/extentreports/view/Extent.ftl"
05/06/2021 16:32:18 DEBUG freemarker.cache - Couldn't find template in cache for "Extent.ftl"("en_US", UTF-8, parsed); will try to load it.
05/06/2021 16:32:18 DEBUG freemarker.cache - TemplateLoader.findTemplateSource("Extent_en_US.ftl"): Not found
05/06/2021 16:32:18 DEBUG freemarker.cache - TemplateLoader.findTemplateSource("Extent_en.ftl"): Not found
05/06/2021 16:32:18 DEBUG freemarker.cache - TemplateLoader.findTemplateSource("Extent.ftl"): Found
05/06/2021 16:32:18 DEBUG freemarker.cache - Loading template for "Extent.ftl"("en_US", UTF-8, parsed) from "jar:file:/C:/Users/Admin/.m2/repository/com/relevantcodes/extentreports/2.41.2/extentreports-2.41.2.jar!/com/relevantcodes/extentreports/view/Extent.ftl"
05/06/2021 16:44:32 INFO  get_total_test - Initializing Global Variables ........
05/06/2021 16:44:32 INFO  display_messate_test - Initializing Global Variables ........
05/06/2021 16:44:33 INFO  display_messate_test - Initiate Webdriver .......
05/06/2021 16:44:36 INFO  display_messate_test - initializing class com.application.libs.web.VRWebElement.......
05/06/2021 16:44:36 INFO  display_messate_test - initializing class com.application.libs.web.VRWebElement.......
05/06/2021 16:44:57 INFO  display_messate_test - Application Launched Successfully.
05/06/2021 16:44:58 INFO  display_messate_test - clicked on element : No Thanks
05/06/2021 16:44:58 INFO  display_messate_test - Selenium easy Welcome page is loaded successfully.
05/06/2021 16:44:58 INFO  display_messate_test - clicked on element : Input Forms
05/06/2021 16:45:02 INFO  display_messate_test - clicked on element : Simple Form Demo
05/06/2021 16:45:05 INFO  display_messate_test - Enter a field value entered as : 1
05/06/2021 16:45:05 INFO  display_messate_test - Enter b field value entered as : 2
05/06/2021 16:45:05 INFO  display_messate_test - clicked on element : Get Total button
05/06/2021 16:45:06 INFO  display_messate_test - Initiate Webdriver .......
05/06/2021 16:45:10 INFO  display_messate_test - initializing class com.application.libs.web.VRWebElement.......
05/06/2021 16:45:10 INFO  display_messate_test - initializing class com.application.libs.web.VRWebElement.......
05/06/2021 16:46:51 INFO  display_messate_test - Application Launched Successfully.
05/06/2021 16:46:51 INFO  display_messate_test - clicked on element : No Thanks
05/06/2021 16:46:52 INFO  display_messate_test - Selenium easy Welcome page is loaded successfully.
05/06/2021 16:46:52 INFO  display_messate_test - clicked on element : Input Forms
05/06/2021 16:46:56 INFO  display_messate_test - clicked on element : Simple Form Demo
05/06/2021 16:46:59 INFO  display_messate_test - Enter your message Field field value entered as : Test Automation With Selenium
05/06/2021 16:46:59 INFO  display_messate_test - clicked on element : Show Message button
05/06/2021 16:46:59 INFO  display_messate_test - Dispaly message verification passed
05/06/2021 16:47:01 DEBUG freemarker.cache - Couldn't find template in cache for "Extent.ftl"("en_US", UTF-8, parsed); will try to load it.
05/06/2021 16:47:01 DEBUG freemarker.cache - TemplateLoader.findTemplateSource("Extent_en_US.ftl"): Not found
05/06/2021 16:47:01 DEBUG freemarker.cache - TemplateLoader.findTemplateSource("Extent_en.ftl"): Not found
05/06/2021 16:47:01 DEBUG freemarker.cache - TemplateLoader.findTemplateSource("Extent.ftl"): Found
05/06/2021 16:47:01 DEBUG freemarker.cache - Loading template for "Extent.ftl"("en_US", UTF-8, parsed) from "jar:file:/C:/Users/Admin/.m2/repository/com/relevantcodes/extentreports/2.41.2/extentreports-2.41.2.jar!/com/relevantcodes/extentreports/view/Extent.ftl"
05/06/2021 16:47:01 DEBUG freemarker.cache - Couldn't find template in cache for "Extent.ftl"("en_US", UTF-8, parsed); will try to load it.
05/06/2021 16:47:01 DEBUG freemarker.cache - TemplateLoader.findTemplateSource("Extent_en_US.ftl"): Not found
05/06/2021 16:47:01 DEBUG freemarker.cache - TemplateLoader.findTemplateSource("Extent_en.ftl"): Not found
05/06/2021 16:47:01 DEBUG freemarker.cache - TemplateLoader.findTemplateSource("Extent.ftl"): Found
05/06/2021 16:47:01 DEBUG freemarker.cache - Loading template for "Extent.ftl"("en_US", UTF-8, parsed) from "jar:file:/C:/Users/Admin/.m2/repository/com/relevantcodes/extentreports/2.41.2/extentreports-2.41.2.jar!/com/relevantcodes/extentreports/view/Extent.ftl"
